[ 2018-11-17T10:24:16+08:00 ] 127.0.0.1 /Home/index
INFO: [ app_init ] --START--
INFO: Run Behavior\BuildLiteBehavior [ RunTime:0.000014s ]
INFO: [ app_init ] --END-- [ RunTime:0.001201s ]
INFO: [ app_begin ] --START--
INFO: Run Behavior\ReadHtmlCacheBehavior [ RunTime:0.001110s ]
INFO: [ app_begin ] --END-- [ RunTime:0.001191s ]
ERR: SQLSTATE[42S02]: Base table or view not found: 1146 Table 'lawyer.db_db_province_info' doesn't exist

[ 2018-11-17T10:24:23+08:00 ] 127.0.0.1 /Home/index
INFO: [ app_init ] --START--
INFO: Run Behavior\BuildLiteBehavior [ RunTime:0.000020s ]
INFO: [ app_init ] --END-- [ RunTime:0.000566s ]
INFO: [ app_begin ] --START--
INFO: Run Behavior\ReadHtmlCacheBehavior [ RunTime:0.001012s ]
INFO: [ app_begin ] --END-- [ RunTime:0.001101s ]
SQL: SHOW COLUMNS FROM `db_province_info` [ RunTime:0.0071s ]
SQL: SELECT * FROM `db_province_info`  [ RunTime:0.0004s ]
INFO: [ app_end ] --START--
INFO: Run Behavior\ShowPageTraceBehavior [ RunTime:0.001345s ]
INFO: [ app_end ] --END-- [ RunTime:0.001417s ]

[ 2018-11-17T10:27:00+08:00 ] 127.0.0.1 /Home/index
INFO: [ app_init ] --START--
INFO: Run Behavior\BuildLiteBehavior [ RunTime:0.000009s ]
INFO: [ app_init ] --END-- [ RunTime:0.000297s ]
INFO: [ app_begin ] --START--
INFO: Run Behavior\ReadHtmlCacheBehavior [ RunTime:0.000783s ]
INFO: [ app_begin ] --END-- [ RunTime:0.000861s ]
SQL: SHOW COLUMNS FROM `db_province_info` [ RunTime:0.0044s ]
SQL: SELECT * FROM `db_province_info`  [ RunTime:0.0004s ]
SQL: SHOW COLUMNS FROM `db_shool_info` [ RunTime:0.0047s ]
SQL: SELECT * FROM `db_shool_info` WHERE `sh_city` = 1  [ RunTime:0.0018s ]
SQL: SELECT * FROM `db_shool_info` WHERE `sh_city` = 2  [ RunTime:0.0009s ]
SQL: SELECT * FROM `db_shool_info` WHERE `sh_city` = 3  [ RunTime:0.0007s ]
SQL: SELECT * FROM `db_shool_info` WHERE `sh_city` = 4  [ RunTime:0.0006s ]
SQL: SELECT * FROM `db_shool_info` WHERE `sh_city` = 5  [ RunTime:0.0003s ]
SQL: SELECT * FROM `db_shool_info` WHERE `sh_city` = 6  [ RunTime:0.0003s ]
SQL: SELECT * FROM `db_shool_info` WHERE `sh_city` = 7  [ RunTime:0.0005s ]
SQL: SELECT * FROM `db_shool_info` WHERE `sh_city` = 8  [ RunTime:0.0002s ]
SQL: SELECT * FROM `db_shool_info` WHERE `sh_city` = 9  [ RunTime:0.0002s ]
SQL: SELECT * FROM `db_shool_info` WHERE `sh_city` = 10  [ RunTime:0.0002s ]
SQL: SELECT * FROM `db_shool_info` WHERE `sh_city` = 11  [ RunTime:0.0002s ]
SQL: SELECT * FROM `db_shool_info` WHERE `sh_city` = 12  [ RunTime:0.0002s ]
SQL: SELECT * FROM `db_shool_info` WHERE `sh_city` = 13  [ RunTime:0.0002s ]
SQL: SELECT * FROM `db_shool_info` WHERE `sh_city` = 14  [ RunTime:0.0002s ]
SQL: SELECT * FROM `db_shool_info` WHERE `sh_city` = 15  [ RunTime:0.0002s ]
SQL: SELECT * FROM `db_shool_info` WHERE `sh_city` = 16  [ RunTime:0.0002s ]
SQL: SELECT * FROM `db_shool_info` WHERE `sh_city` = 17  [ RunTime:0.0002s ]
SQL: SELECT * FROM `db_shool_info` WHERE `sh_city` = 18  [ RunTime:0.0002s ]
SQL: SELECT * FROM `db_shool_info` WHERE `sh_city` = 19  [ RunTime:0.0002s ]
SQL: SELECT * FROM `db_shool_info` WHERE `sh_city` = 20  [ RunTime:0.0003s ]
SQL: SELECT * FROM `db_shool_info` WHERE `sh_city` = 21  [ RunTime:0.0002s ]
SQL: SELECT * FROM `db_shool_info` WHERE `sh_city` = 22  [ RunTime:0.0003s ]
SQL: SELECT * FROM `db_shool_info` WHERE `sh_city` = 23  [ RunTime:0.0003s ]
SQL: SELECT * FROM `db_shool_info` WHERE `sh_city` = 24  [ RunTime:0.0003s ]
SQL: SELECT * FROM `db_shool_info` WHERE `sh_city` = 25  [ RunTime:0.0003s ]
SQL: SELECT * FROM `db_shool_info` WHERE `sh_city` = 26  [ RunTime:0.0011s ]
SQL: SELECT * FROM `db_shool_info` WHERE `sh_city` = 27  [ RunTime:0.0005s ]
SQL: SELECT * FROM `db_shool_info` WHERE `sh_city` = 28  [ RunTime:0.0003s ]
SQL: SELECT * FROM `db_shool_info` WHERE `sh_city` = 29  [ RunTime:0.0003s ]
SQL: SELECT * FROM `db_shool_info` WHERE `sh_city` = 30  [ RunTime:0.0004s ]
SQL: SELECT * FROM `db_shool_info` WHERE `sh_city` = 31  [ RunTime:0.0002s ]
SQL: SELECT * FROM `db_shool_info` WHERE `sh_city` = 32  [ RunTime:0.0002s ]
SQL: SELECT * FROM `db_shool_info` WHERE `sh_city` = 33  [ RunTime:0.0002s ]
SQL: SELECT * FROM `db_shool_info` WHERE `sh_city` = 34  [ RunTime:0.0002s ]
INFO: [ app_end ] --START--
INFO: Run Behavior\ShowPageTraceBehavior [ RunTime:0.001885s ]
INFO: [ app_end ] --END-- [ RunTime:0.001972s ]

[ 2018-11-17T10:27:17+08:00 ] 127.0.0.1 /Home/index
INFO: [ app_init ] --START--
INFO: Run Behavior\BuildLiteBehavior [ RunTime:0.000023s ]
INFO: [ app_init ] --END-- [ RunTime:0.000692s ]
INFO: [ app_begin ] --START--
INFO: Run Behavior\ReadHtmlCacheBehavior [ RunTime:0.001249s ]
INFO: [ app_begin ] --END-- [ RunTime:0.001398s ]
SQL: SHOW COLUMNS FROM `db_province_info` [ RunTime:0.0047s ]
SQL: SELECT * FROM `db_province_info`  [ RunTime:0.0004s ]
SQL: SHOW COLUMNS FROM `db_shool_info` [ RunTime:0.0057s ]
SQL: SELECT * FROM `db_shool_info` WHERE `sh_city` = 1  [ RunTime:0.0011s ]
SQL: SELECT * FROM `db_shool_info` WHERE `sh_city` = 2  [ RunTime:0.0010s ]
SQL: SELECT * FROM `db_shool_info` WHERE `sh_city` = 3  [ RunTime:0.0007s ]
SQL: SELECT * FROM `db_shool_info` WHERE `sh_city` = 4  [ RunTime:0.0007s ]
SQL: SELECT * FROM `db_shool_info` WHERE `sh_city` = 5  [ RunTime:0.0004s ]
SQL: SELECT * FROM `db_shool_info` WHERE `sh_city` = 6  [ RunTime:0.0002s ]
SQL: SELECT * FROM `db_shool_info` WHERE `sh_city` = 7  [ RunTime:0.0010s ]
SQL: SELECT * FROM `db_shool_info` WHERE `sh_city` = 8  [ RunTime:0.0008s ]
SQL: SELECT * FROM `db_shool_info` WHERE `sh_city` = 9  [ RunTime:0.0005s ]
SQL: SELECT * FROM `db_shool_info` WHERE `sh_city` = 10  [ RunTime:0.0005s ]
SQL: SELECT * FROM `db_shool_info` WHERE `sh_city` = 11  [ RunTime:0.0005s ]
SQL: SELECT * FROM `db_shool_info` WHERE `sh_city` = 12  [ RunTime:0.0006s ]
SQL: SELECT * FROM `db_shool_info` WHERE `sh_city` = 13  [ RunTime:0.0004s ]
SQL: SELECT * FROM `db_shool_info` WHERE `sh_city` = 14  [ RunTime:0.0006s ]
SQL: SELECT * FROM `db_shool_info` WHERE `sh_city` = 15  [ RunTime:0.0007s ]
SQL: SELECT * FROM `db_shool_info` WHERE `sh_city` = 16  [ RunTime:0.0006s ]
SQL: SELECT * FROM `db_shool_info` WHERE `sh_city` = 17  [ RunTime:0.0004s ]
SQL: SELECT * FROM `db_shool_info` WHERE `sh_city` = 18  [ RunTime:0.0004s ]
SQL: SELECT * FROM `db_shool_info` WHERE `sh_city` = 19  [ RunTime:0.0003s ]
SQL: SELECT * FROM `db_shool_info` WHERE `sh_city` = 20  [ RunTime:0.0004s ]
SQL: SELECT * FROM `db_shool_info` WHERE `sh_city` = 21  [ RunTime:0.0003s ]
SQL: SELECT * FROM `db_shool_info` WHERE `sh_city` = 22  [ RunTime:0.0004s ]
SQL: SELECT * FROM `db_shool_info` WHERE `sh_city` = 23  [ RunTime:0.0003s ]
SQL: SELECT * FROM `db_shool_info` WHERE `sh_city` = 24  [ RunTime:0.0004s ]
SQL: SELECT * FROM `db_shool_info` WHERE `sh_city` = 25  [ RunTime:0.0004s ]
SQL: SELECT * FROM `db_shool_info` WHERE `sh_city` = 26  [ RunTime:0.0008s ]
SQL: SELECT * FROM `db_shool_info` WHERE `sh_city` = 27  [ RunTime:0.0004s ]
SQL: SELECT * FROM `db_shool_info` WHERE `sh_city` = 28  [ RunTime:0.0004s ]
SQL: SELECT * FROM `db_shool_info` WHERE `sh_city` = 29  [ RunTime:0.0004s ]
SQL: SELECT * FROM `db_shool_info` WHERE `sh_city` = 30  [ RunTime:0.0009s ]
SQL: SELECT * FROM `db_shool_info` WHERE `sh_city` = 31  [ RunTime:0.0007s ]
SQL: SELECT * FROM `db_shool_info` WHERE `sh_city` = 32  [ RunTime:0.0003s ]
SQL: SELECT * FROM `db_shool_info` WHERE `sh_city` = 33  [ RunTime:0.0003s ]
SQL: SELECT * FROM `db_shool_info` WHERE `sh_city` = 34  [ RunTime:0.0003s ]
INFO: [ app_end ] --START--
INFO: Run Behavior\ShowPageTraceBehavior [ RunTime:0.001249s ]
INFO: [ app_end ] --END-- [ RunTime:0.001338s ]

