[ 2018-11-26T09:29:46+08:00 ] 127.0.0.1 /Admin/Base/Index
INFO: [ app_init ] --START--
INFO: Run Behavior\BuildLiteBehavior [ RunTime:0.000013s ]
INFO: [ app_init ] --END-- [ RunTime:0.000611s ]
INFO: [ app_begin ] --START--
INFO: Run Behavior\ReadHtmlCacheBehavior [ RunTime:0.000965s ]
INFO: [ app_begin ] --END-- [ RunTime:0.001026s ]
SQL: SHOW COLUMNS FROM `db_manager` [ RunTime:0.0078s ]
SQL: SELECT resource.id as id,resource.moudle as m,resource.action as action,resource.method as method FROM db_manager manager,db_manager_role mrole,db_role_resource r_resource,db_resource resource WHERE ( manager.id=1 and manager.id = mrole.manager_id and mrole.role_id = r_resource.role_id and resource.id = r_resource.resource_id ) ORDER BY resource.id desc  [ RunTime:0.0053s ]
SQL: SHOW COLUMNS FROM `db_province_info` [ RunTime:0.0056s ]
SQL: SELECT * FROM `db_province_info`  [ RunTime:0.0004s ]
SQL: SHOW COLUMNS FROM `db_city_info` [ RunTime:0.0065s ]
SQL: SELECT * FROM `db_city_info` WHERE `ci_province` = 1  [ RunTime:0.0004s ]
SQL: SHOW COLUMNS FROM `db_shool_info` [ RunTime:0.0075s ]
SQL: SELECT `sh_shool` FROM `db_shool_info` WHERE `sh_city` = 1  [ RunTime:0.0008s ]
SQL: SELECT * FROM `db_city_info` WHERE `ci_province` = 2  [ RunTime:0.0004s ]
SQL: SELECT `sh_shool` FROM `db_shool_info` WHERE `sh_city` = 2  [ RunTime:0.0014s ]
SQL: SELECT * FROM `db_city_info` WHERE `ci_province` = 3  [ RunTime:0.0004s ]
SQL: SELECT `sh_shool` FROM `db_shool_info` WHERE `sh_city` = 3  [ RunTime:0.0006s ]
SQL: SELECT * FROM `db_city_info` WHERE `ci_province` = 4  [ RunTime:0.0003s ]
SQL: SELECT `sh_shool` FROM `db_shool_info` WHERE `sh_city` = 4  [ RunTime:0.0006s ]
SQL: SELECT * FROM `db_city_info` WHERE `ci_province` = 5  [ RunTime:0.0008s ]
SQL: SELECT `sh_shool` FROM `db_shool_info` WHERE `sh_city` = 5  [ RunTime:0.0010s ]
SQL: SELECT `sh_shool` FROM `db_shool_info` WHERE `sh_city` = 6  [ RunTime:0.0005s ]
SQL: SELECT `sh_shool` FROM `db_shool_info` WHERE `sh_city` = 7  [ RunTime:0.0005s ]
SQL: SELECT `sh_shool` FROM `db_shool_info` WHERE `sh_city` = 8  [ RunTime:0.0002s ]
SQL: SELECT `sh_shool` FROM `db_shool_info` WHERE `sh_city` = 9  [ RunTime:0.0002s ]
SQL: SELECT `sh_shool` FROM `db_shool_info` WHERE `sh_city` = 10  [ RunTime:0.0002s ]
SQL: SELECT `sh_shool` FROM `db_shool_info` WHERE `sh_city` = 11  [ RunTime:0.0002s ]
SQL: SELECT `sh_shool` FROM `db_shool_info` WHERE `sh_city` = 12  [ RunTime:0.0002s ]
SQL: SELECT `sh_shool` FROM `db_shool_info` WHERE `sh_city` = 13  [ RunTime:0.0002s ]
SQL: SELECT `sh_shool` FROM `db_shool_info` WHERE `sh_city` = 14  [ RunTime:0.0003s ]
SQL: SELECT `sh_shool` FROM `db_shool_info` WHERE `sh_city` = 15  [ RunTime:0.0003s ]
SQL: SELECT `sh_shool` FROM `db_shool_info` WHERE `sh_city` = 16  [ RunTime:0.0003s ]
SQL: SELECT `sh_shool` FROM `db_shool_info` WHERE `sh_city` = 17  [ RunTime:0.0002s ]
SQL: SELECT * FROM `db_city_info` WHERE `ci_province` = 6  [ RunTime:0.0003s ]
SQL: SELECT `sh_shool` FROM `db_shool_info` WHERE `sh_city` = 18  [ RunTime:0.0002s ]
SQL: SELECT `sh_shool` FROM `db_shool_info` WHERE `sh_city` = 19  [ RunTime:0.0002s ]
SQL: SELECT `sh_shool` FROM `db_shool_info` WHERE `sh_city` = 20  [ RunTime:0.0002s ]
SQL: SELECT `sh_shool` FROM `db_shool_info` WHERE `sh_city` = 21  [ RunTime:0.0002s ]
SQL: SELECT `sh_shool` FROM `db_shool_info` WHERE `sh_city` = 22  [ RunTime:0.0002s ]
SQL: SELECT `sh_shool` FROM `db_shool_info` WHERE `sh_city` = 23  [ RunTime:0.0002s ]
SQL: SELECT `sh_shool` FROM `db_shool_info` WHERE `sh_city` = 24  [ RunTime:0.0002s ]
SQL: SELECT `sh_shool` FROM `db_shool_info` WHERE `sh_city` = 25  [ RunTime:0.0002s ]
SQL: SELECT `sh_shool` FROM `db_shool_info` WHERE `sh_city` = 26  [ RunTime:0.0012s ]
SQL: SELECT * FROM `db_city_info` WHERE `ci_province` = 7  [ RunTime:0.0007s ]
SQL: SELECT `sh_shool` FROM `db_shool_info` WHERE `sh_city` = 27  [ RunTime:0.0004s ]
SQL: SELECT `sh_shool` FROM `db_shool_info` WHERE `sh_city` = 28  [ RunTime:0.0004s ]
SQL: SELECT `sh_shool` FROM `db_shool_info` WHERE `sh_city` = 29  [ RunTime:0.0005s ]
SQL: SELECT `sh_shool` FROM `db_shool_info` WHERE `sh_city` = 30  [ RunTime:0.0007s ]
SQL: SELECT `sh_shool` FROM `db_shool_info` WHERE `sh_city` = 31  [ RunTime:0.0004s ]
SQL: SELECT `sh_shool` FROM `db_shool_info` WHERE `sh_city` = 32  [ RunTime:0.0003s ]
SQL: SELECT `sh_shool` FROM `db_shool_info` WHERE `sh_city` = 33  [ RunTime:0.0002s ]
SQL: SELECT `sh_shool` FROM `db_shool_info` WHERE `sh_city` = 34  [ RunTime:0.0003s ]
SQL: SELECT `sh_shool` FROM `db_shool_info` WHERE `sh_city` = 35  [ RunTime:0.0003s ]
SQL: SELECT `sh_shool` FROM `db_shool_info` WHERE `sh_city` = 36  [ RunTime:0.0003s ]
SQL: SELECT `sh_shool` FROM `db_shool_info` WHERE `sh_city` = 37  [ RunTime:0.0004s ]
SQL: SELECT `sh_shool` FROM `db_shool_info` WHERE `sh_city` = 38  [ RunTime:0.0006s ]
SQL: SELECT `sh_shool` FROM `db_shool_info` WHERE `sh_city` = 39  [ RunTime:0.0006s ]
SQL: SELECT `sh_shool` FROM `db_shool_info` WHERE `sh_city` = 40  [ RunTime:0.0005s ]
SQL: SELECT * FROM `db_city_info` WHERE `ci_province` = 8  [ RunTime:0.0007s ]
SQL: SELECT `sh_shool` FROM `db_shool_info` WHERE `sh_city` = 41  [ RunTime:0.0005s ]
SQL: SELECT `sh_shool` FROM `db_shool_info` WHERE `sh_city` = 42  [ RunTime:0.0006s ]
SQL: SELECT `sh_shool` FROM `db_shool_info` WHERE `sh_city` = 43  [ RunTime:0.0004s ]
SQL: SELECT `sh_shool` FROM `db_shool_info` WHERE `sh_city` = 44  [ RunTime:0.0003s ]
SQL: SELECT `sh_shool` FROM `db_shool_info` WHERE `sh_city` = 45  [ RunTime:0.0004s ]
SQL: SELECT `sh_shool` FROM `db_shool_info` WHERE `sh_city` = 46  [ RunTime:0.0003s ]
SQL: SELECT `sh_shool` FROM `db_shool_info` WHERE `sh_city` = 47  [ RunTime:0.0003s ]
SQL: SELECT `sh_shool` FROM `db_shool_info` WHERE `sh_city` = 48  [ RunTime:0.0004s ]
SQL: SELECT `sh_shool` FROM `db_shool_info` WHERE `sh_city` = 49  [ RunTime:0.0004s ]
SQL: SELECT `sh_shool` FROM `db_shool_info` WHERE `sh_city` = 50  [ RunTime:0.0003s ]
SQL: SELECT `sh_shool` FROM `db_shool_info` WHERE `sh_city` = 51  [ RunTime:0.0002s ]
SQL: SELECT `sh_shool` FROM `db_shool_info` WHERE `sh_city` = 52  [ RunTime:0.0002s ]
SQL: SELECT `sh_shool` FROM `db_shool_info` WHERE `sh_city` = 53  [ RunTime:0.0002s ]
SQL: SELECT `sh_shool` FROM `db_shool_info` WHERE `sh_city` = 54  [ RunTime:0.0002s ]
SQL: SELECT `sh_shool` FROM `db_shool_info` WHERE `sh_city` = 55  [ RunTime:0.0002s ]
SQL: SELECT `sh_shool` FROM `db_shool_info` WHERE `sh_city` = 56  [ RunTime:0.0005s ]
SQL: SELECT `sh_shool` FROM `db_shool_info` WHERE `sh_city` = 57  [ RunTime:0.0002s ]
SQL: SELECT * FROM `db_city_info` WHERE `ci_province` = 9  [ RunTime:0.0004s ]
SQL: SELECT `sh_shool` FROM `db_shool_info` WHERE `sh_city` = 58  [ RunTime:0.0003s ]
SQL: SELECT `sh_shool` FROM `db_shool_info` WHERE `sh_city` = 59  [ RunTime:0.0002s ]
SQL: SELECT `sh_shool` FROM `db_shool_info` WHERE `sh_city` = 60  [ RunTime:0.0002s ]
SQL: SELECT `sh_shool` FROM `db_shool_info` WHERE `sh_city` = 61  [ RunTime:0.0002s ]
SQL: SELECT `sh_shool` FROM `db_shool_info` WHERE `sh_city` = 62  [ RunTime:0.0002s ]
SQL: SELECT `sh_shool` FROM `db_shool_info` WHERE `sh_city` = 63  [ RunTime:0.0002s ]
SQL: SELECT `sh_shool` FROM `db_shool_info` WHERE `sh_city` = 64  [ RunTime:0.0004s ]
SQL: SELECT `sh_shool` FROM `db_shool_info` WHERE `sh_city` = 65  [ RunTime:0.0002s ]
SQL: SELECT `sh_shool` FROM `db_shool_info` WHERE `sh_city` = 66  [ RunTime:0.0002s ]
SQL: SELECT `sh_shool` FROM `db_shool_info` WHERE `sh_city` = 67  [ RunTime:0.0003s ]
SQL: SELECT `sh_shool` FROM `db_shool_info` WHERE `sh_city` = 68  [ RunTime:0.0002s ]
SQL: SELECT * FROM `db_city_info` WHERE `ci_province` = 10  [ RunTime:0.0003s ]
SQL: SELECT `sh_shool` FROM `db_shool_info` WHERE `sh_city` = 69  [ RunTime:0.0002s ]
SQL: SELECT `sh_shool` FROM `db_shool_info` WHERE `sh_city` = 70  [ RunTime:0.0002s ]
SQL: SELECT `sh_shool` FROM `db_shool_info` WHERE `sh_city` = 71  [ RunTime:0.0002s ]
SQL: SELECT `sh_shool` FROM `db_shool_info` WHERE `sh_city` = 72  [ RunTime:0.0002s ]
SQL: SELECT `sh_shool` FROM `db_shool_info` WHERE `sh_city` = 73  [ RunTime:0.0002s ]
SQL: SELECT `sh_shool` FROM `db_shool_info` WHERE `sh_city` = 74  [ RunTime:0.0002s ]
SQL: SELECT `sh_shool` FROM `db_shool_info` WHERE `sh_city` = 75  [ RunTime:0.0004s ]
SQL: SELECT `sh_shool` FROM `db_shool_info` WHERE `sh_city` = 76  [ RunTime:0.0003s ]
SQL: SELECT `sh_shool` FROM `db_shool_info` WHERE `sh_city` = 77  [ RunTime:0.0002s ]
SQL: SELECT `sh_shool` FROM `db_shool_info` WHERE `sh_city` = 78  [ RunTime:0.0002s ]
SQL: SELECT * FROM `db_city_info` WHERE `ci_province` = 11  [ RunTime:0.0005s ]
SQL: SELECT `sh_shool` FROM `db_shool_info` WHERE `sh_city` = 79  [ RunTime:0.0004s ]
SQL: SELECT `sh_shool` FROM `db_shool_info` WHERE `sh_city` = 80  [ RunTime:0.0002s ]
SQL: SELECT `sh_shool` FROM `db_shool_info` WHERE `sh_city` = 81  [ RunTime:0.0002s ]
SQL: SELECT `sh_shool` FROM `db_shool_info` WHERE `sh_city` = 82  [ RunTime:0.0002s ]
SQL: SELECT `sh_shool` FROM `db_shool_info` WHERE `sh_city` = 83  [ RunTime:0.0002s ]
SQL: SELECT `sh_shool` FROM `db_shool_info` WHERE `sh_city` = 84  [ RunTime:0.0002s ]
SQL: SELECT `sh_shool` FROM `db_shool_info` WHERE `sh_city` = 85  [ RunTime:0.0002s ]
SQL: SELECT `sh_shool` FROM `db_shool_info` WHERE `sh_city` = 86  [ RunTime:0.0002s ]
SQL: SELECT `sh_shool` FROM `db_shool_info` WHERE `sh_city` = 87  [ RunTime:0.0005s ]
SQL: SELECT `sh_shool` FROM `db_shool_info` WHERE `sh_city` = 88  [ RunTime:0.0005s ]
SQL: SELECT `sh_shool` FROM `db_shool_info` WHERE `sh_city` = 90  [ RunTime:0.0005s ]
SQL: SELECT `sh_shool` FROM `db_shool_info` WHERE `sh_city` = 91  [ RunTime:0.0003s ]
SQL: SELECT * FROM `db_city_info` WHERE `ci_province` = 12  [ RunTime:0.0006s ]
SQL: SELECT `sh_shool` FROM `db_shool_info` WHERE `sh_city` = 92  [ RunTime:0.0003s ]
SQL: SELECT `sh_shool` FROM `db_shool_info` WHERE `sh_city` = 93  [ RunTime:0.0002s ]
SQL: SELECT `sh_shool` FROM `db_shool_info` WHERE `sh_city` = 94  [ RunTime:0.0002s ]
SQL: SELECT `sh_shool` FROM `db_shool_info` WHERE `sh_city` = 95  [ RunTime:0.0002s ]
SQL: SELECT `sh_shool` FROM `db_shool_info` WHERE `sh_city` = 96  [ RunTime:0.0002s ]
SQL: SELECT `sh_shool` FROM `db_shool_info` WHERE `sh_city` = 97  [ RunTime:0.0002s ]
SQL: SELECT `sh_shool` FROM `db_shool_info` WHERE `sh_city` = 98  [ RunTime:0.0002s ]
SQL: SELECT `sh_shool` FROM `db_shool_info` WHERE `sh_city` = 99  [ RunTime:0.0002s ]
SQL: SELECT `sh_shool` FROM `db_shool_info` WHERE `sh_city` = 100  [ RunTime:0.0002s ]
SQL: SELECT `sh_shool` FROM `db_shool_info` WHERE `sh_city` = 101  [ RunTime:0.0002s ]
SQL: SELECT `sh_shool` FROM `db_shool_info` WHERE `sh_city` = 102  [ RunTime:0.0002s ]
SQL: SELECT `sh_shool` FROM `db_shool_info` WHERE `sh_city` = 103  [ RunTime:0.0002s ]
SQL: SELECT `sh_shool` FROM `db_shool_info` WHERE `sh_city` = 104  [ RunTime:0.0002s ]
SQL: SELECT `sh_shool` FROM `db_shool_info` WHERE `sh_city` = 105  [ RunTime:0.0002s ]
SQL: SELECT `sh_shool` FROM `db_shool_info` WHERE `sh_city` = 106  [ RunTime:0.0002s ]
SQL: SELECT `sh_shool` FROM `db_shool_info` WHERE `sh_city` = 107  [ RunTime:0.0005s ]
SQL: SELECT `sh_shool` FROM `db_shool_info` WHERE `sh_city` = 108  [ RunTime:0.0003s ]
SQL: SELECT `sh_shool` FROM `db_shool_info` WHERE `sh_city` = 109  [ RunTime:0.0002s ]
SQL: SELECT * FROM `db_city_info` WHERE `ci_province` = 13  [ RunTime:0.0005s ]
SQL: SELECT `sh_shool` FROM `db_shool_info` WHERE `sh_city` = 110  [ RunTime:0.0003s ]
SQL: SELECT `sh_shool` FROM `db_shool_info` WHERE `sh_city` = 111  [ RunTime:0.0002s ]
SQL: SELECT `sh_shool` FROM `db_shool_info` WHERE `sh_city` = 112  [ RunTime:0.0002s ]
SQL: SELECT `sh_shool` FROM `db_shool_info` WHERE `sh_city` = 113  [ RunTime:0.0002s ]
SQL: SELECT `sh_shool` FROM `db_shool_info` WHERE `sh_city` = 114  [ RunTime:0.0002s ]
SQL: SELECT `sh_shool` FROM `db_shool_info` WHERE `sh_city` = 115  [ RunTime:0.0003s ]
SQL: SELECT `sh_shool` FROM `db_shool_info` WHERE `sh_city` = 116  [ RunTime:0.0002s ]
SQL: SELECT `sh_shool` FROM `db_shool_info` WHERE `sh_city` = 117  [ RunTime:0.0002s ]
SQL: SELECT `sh_shool` FROM `db_shool_info` WHERE `sh_city` = 118  [ RunTime:0.0002s ]
SQL: SELECT `sh_shool` FROM `db_shool_info` WHERE `sh_city` = 119  [ RunTime:0.0002s ]
SQL: SELECT `sh_shool` FROM `db_shool_info` WHERE `sh_city` = 120  [ RunTime:0.0009s ]
SQL: SELECT `sh_shool` FROM `db_shool_info` WHERE `sh_city` = 121  [ RunTime:0.0003s ]
SQL: SELECT `sh_shool` FROM `db_shool_info` WHERE `sh_city` = 122  [ RunTime:0.0002s ]
SQL: SELECT `sh_shool` FROM `db_shool_info` WHERE `sh_city` = 123  [ RunTime:0.0002s ]
SQL: SELECT `sh_shool` FROM `db_shool_info` WHERE `sh_city` = 124  [ RunTime:0.0002s ]
SQL: SELECT `sh_shool` FROM `db_shool_info` WHERE `sh_city` = 125  [ RunTime:0.0002s ]
SQL: SELECT * FROM `db_city_info` WHERE `ci_province` = 14  [ RunTime:0.0005s ]
SQL: SELECT `sh_shool` FROM `db_shool_info` WHERE `sh_city` = 126  [ RunTime:0.0004s ]
SQL: SELECT `sh_shool` FROM `db_shool_info` WHERE `sh_city` = 127  [ RunTime:0.0003s ]
SQL: SELECT `sh_shool` FROM `db_shool_info` WHERE `sh_city` = 128  [ RunTime:0.0002s ]
SQL: SELECT `sh_shool` FROM `db_shool_info` WHERE `sh_city` = 129  [ RunTime:0.0002s ]
SQL: SELECT `sh_shool` FROM `db_shool_info` WHERE `sh_city` = 130  [ RunTime:0.0002s ]
SQL: SELECT `sh_shool` FROM `db_shool_info` WHERE `sh_city` = 131  [ RunTime:0.0002s ]
SQL: SELECT `sh_shool` FROM `db_shool_info` WHERE `sh_city` = 132  [ RunTime:0.0002s ]
SQL: SELECT `sh_shool` FROM `db_shool_info` WHERE `sh_city` = 133  [ RunTime:0.0002s ]
SQL: SELECT `sh_shool` FROM `db_shool_info` WHERE `sh_city` = 134  [ RunTime:0.0002s ]
SQL: SELECT `sh_shool` FROM `db_shool_info` WHERE `sh_city` = 135  [ RunTime:0.0002s ]
SQL: SELECT `sh_shool` FROM `db_shool_info` WHERE `sh_city` = 136  [ RunTime:0.0002s ]
SQL: SELECT `sh_shool` FROM `db_shool_info` WHERE `sh_city` = 137  [ RunTime:0.0002s ]
SQL: SELECT `sh_shool` FROM `db_shool_info` WHERE `sh_city` = 138  [ RunTime:0.0005s ]
SQL: SELECT `sh_shool` FROM `db_shool_info` WHERE `sh_city` = 139  [ RunTime:0.0003s ]
SQL: SELECT * FROM `db_city_info` WHERE `ci_province` = 15  [ RunTime:0.0005s ]
SQL: SELECT `sh_shool` FROM `db_shool_info` WHERE `sh_city` = 140  [ RunTime:0.0007s ]
SQL: SELECT `sh_shool` FROM `db_shool_info` WHERE `sh_city` = 141  [ RunTime:0.0005s ]
SQL: SELECT `sh_shool` FROM `db_shool_info` WHERE `sh_city` = 142  [ RunTime:0.0003s ]
SQL: SELECT `sh_shool` FROM `db_shool_info` WHERE `sh_city` = 143  [ RunTime:0.0003s ]
SQL: SELECT `sh_shool` FROM `db_shool_info` WHERE `sh_city` = 144  [ RunTime:0.0003s ]
SQL: SELECT * FROM `db_city_info` WHERE `ci_province` = 16  [ RunTime:0.0004s ]
SQL: SELECT `sh_shool` FROM `db_shool_info` WHERE `sh_city` = 145  [ RunTime:0.0004s ]
SQL: SELECT `sh_shool` FROM `db_shool_info` WHERE `sh_city` = 146  [ RunTime:0.0002s ]
SQL: SELECT `sh_shool` FROM `db_shool_info` WHERE `sh_city` = 147  [ RunTime:0.0002s ]
SQL: SELECT `sh_shool` FROM `db_shool_info` WHERE `sh_city` = 148  [ RunTime:0.0004s ]
SQL: SELECT `sh_shool` FROM `db_shool_info` WHERE `sh_city` = 149  [ RunTime:0.0002s ]
SQL: SELECT `sh_shool` FROM `db_shool_info` WHERE `sh_city` = 150  [ RunTime:0.0003s ]
SQL: SELECT `sh_shool` FROM `db_shool_info` WHERE `sh_city` = 151  [ RunTime:0.0004s ]
SQL: SELECT `sh_shool` FROM `db_shool_info` WHERE `sh_city` = 152  [ RunTime:0.0005s ]
SQL: SELECT `sh_shool` FROM `db_shool_info` WHERE `sh_city` = 153  [ RunTime:0.0003s ]
SQL: SELECT `sh_shool` FROM `db_shool_info` WHERE `sh_city` = 154  [ RunTime:0.0003s ]
SQL: SELECT `sh_shool` FROM `db_shool_info` WHERE `sh_city` = 155  [ RunTime:0.0004s ]
SQL: SELECT `sh_shool` FROM `db_shool_info` WHERE `sh_city` = 156  [ RunTime:0.0005s ]
SQL: SELECT `sh_shool` FROM `db_shool_info` WHERE `sh_city` = 157  [ RunTime:0.0009s ]
SQL: SELECT * FROM `db_city_info` WHERE `ci_province` = 17  [ RunTime:0.0006s ]
SQL: SELECT `sh_shool` FROM `db_shool_info` WHERE `sh_city` = 158  [ RunTime:0.0004s ]
SQL: SELECT `sh_shool` FROM `db_shool_info` WHERE `sh_city` = 159  [ RunTime:0.0005s ]
SQL: SELECT `sh_shool` FROM `db_shool_info` WHERE `sh_city` = 160  [ RunTime:0.0006s ]
SQL: SELECT `sh_shool` FROM `db_shool_info` WHERE `sh_city` = 161  [ RunTime:0.0005s ]
SQL: SELECT `sh_shool` FROM `db_shool_info` WHERE `sh_city` = 162  [ RunTime:0.0006s ]
SQL: SELECT `sh_shool` FROM `db_shool_info` WHERE `sh_city` = 163  [ RunTime:0.0005s ]
SQL: SELECT `sh_shool` FROM `db_shool_info` WHERE `sh_city` = 164  [ RunTime:0.0002s ]
SQL: SELECT `sh_shool` FROM `db_shool_info` WHERE `sh_city` = 165  [ RunTime:0.0002s ]
SQL: SELECT `sh_shool` FROM `db_shool_info` WHERE `sh_city` = 166  [ RunTime:0.0002s ]
SQL: SELECT `sh_shool` FROM `db_shool_info` WHERE `sh_city` = 167  [ RunTime:0.0003s ]
SQL: SELECT `sh_shool` FROM `db_shool_info` WHERE `sh_city` = 168  [ RunTime:0.0003s ]
SQL: SELECT * FROM `db_city_info` WHERE `ci_province` = 18  [ RunTime:0.0007s ]
SQL: SELECT `sh_shool` FROM `db_shool_info` WHERE `sh_city` = 169  [ RunTime:0.0004s ]
SQL: SELECT `sh_shool` FROM `db_shool_info` WHERE `sh_city` = 170  [ RunTime:0.0002s ]
SQL: SELECT `sh_shool` FROM `db_shool_info` WHERE `sh_city` = 171  [ RunTime:0.0002s ]
SQL: SELECT `sh_shool` FROM `db_shool_info` WHERE `sh_city` = 172  [ RunTime:0.0005s ]
SQL: SELECT `sh_shool` FROM `db_shool_info` WHERE `sh_city` = 173  [ RunTime:0.0003s ]
SQL: SELECT `sh_shool` FROM `db_shool_info` WHERE `sh_city` = 174  [ RunTime:0.0002s ]
SQL: SELECT `sh_shool` FROM `db_shool_info` WHERE `sh_city` = 175  [ RunTime:0.0003s ]
SQL: SELECT `sh_shool` FROM `db_shool_info` WHERE `sh_city` = 176  [ RunTime:0.0004s ]
SQL: SELECT `sh_shool` FROM `db_shool_info` WHERE `sh_city` = 177  [ RunTime:0.0005s ]
SQL: SELECT `sh_shool` FROM `db_shool_info` WHERE `sh_city` = 178  [ RunTime:0.0007s ]
SQL: SELECT `sh_shool` FROM `db_shool_info` WHERE `sh_city` = 179  [ RunTime:0.0004s ]
SQL: SELECT `sh_shool` FROM `db_shool_info` WHERE `sh_city` = 180  [ RunTime:0.0002s ]
SQL: SELECT `sh_shool` FROM `db_shool_info` WHERE `sh_city` = 181  [ RunTime:0.0002s ]
SQL: SELECT `sh_shool` FROM `db_shool_info` WHERE `sh_city` = 182  [ RunTime:0.0002s ]
SQL: SELECT `sh_shool` FROM `db_shool_info` WHERE `sh_city` = 183  [ RunTime:0.0002s ]
SQL: SELECT `sh_shool` FROM `db_shool_info` WHERE `sh_city` = 184  [ RunTime:0.0002s ]
SQL: SELECT `sh_shool` FROM `db_shool_info` WHERE `sh_city` = 185  [ RunTime:0.0002s ]
SQL: SELECT `sh_shool` FROM `db_shool_info` WHERE `sh_city` = 186  [ RunTime:0.0002s ]
SQL: SELECT `sh_shool` FROM `db_shool_info` WHERE `sh_city` = 187  [ RunTime:0.0002s ]
SQL: SELECT `sh_shool` FROM `db_shool_info` WHERE `sh_city` = 188  [ RunTime:0.0002s ]
SQL: SELECT `sh_shool` FROM `db_shool_info` WHERE `sh_city` = 189  [ RunTime:0.0002s ]
SQL: SELECT * FROM `db_city_info` WHERE `ci_province` = 19  [ RunTime:0.0003s ]
SQL: SELECT `sh_shool` FROM `db_shool_info` WHERE `sh_city` = 190  [ RunTime:0.0003s ]
SQL: SELECT `sh_shool` FROM `db_shool_info` WHERE `sh_city` = 191  [ RunTime:0.0002s ]
SQL: SELECT `sh_shool` FROM `db_shool_info` WHERE `sh_city` = 192  [ RunTime:0.0002s ]
SQL: SELECT `sh_shool` FROM `db_shool_info` WHERE `sh_city` = 193  [ RunTime:0.0002s ]
SQL: SELECT `sh_shool` FROM `db_shool_info` WHERE `sh_city` = 194  [ RunTime:0.0002s ]
SQL: SELECT `sh_shool` FROM `db_shool_info` WHERE `sh_city` = 195  [ RunTime:0.0002s ]
SQL: SELECT `sh_shool` FROM `db_shool_info` WHERE `sh_city` = 196  [ RunTime:0.0002s ]
SQL: SELECT `sh_shool` FROM `db_shool_info` WHERE `sh_city` = 197  [ RunTime:0.0002s ]
SQL: SELECT `sh_shool` FROM `db_shool_info` WHERE `sh_city` = 198  [ RunTime:0.0003s ]
SQL: SELECT `sh_shool` FROM `db_shool_info` WHERE `sh_city` = 199  [ RunTime:0.0002s ]
SQL: SELECT `sh_shool` FROM `db_shool_info` WHERE `sh_city` = 200  [ RunTime:0.0002s ]
SQL: SELECT `sh_shool` FROM `db_shool_info` WHERE `sh_city` = 201  [ RunTime:0.0002s ]
SQL: SELECT * FROM `db_city_info` WHERE `ci_province` = 20  [ RunTime:0.0004s ]
SQL: SELECT `sh_shool` FROM `db_shool_info` WHERE `sh_city` = 202  [ RunTime:0.0004s ]
SQL: SELECT `sh_shool` FROM `db_shool_info` WHERE `sh_city` = 203  [ RunTime:0.0002s ]
SQL: SELECT `sh_shool` FROM `db_shool_info` WHERE `sh_city` = 204  [ RunTime:0.0002s ]
SQL: SELECT `sh_shool` FROM `db_shool_info` WHERE `sh_city` = 205  [ RunTime:0.0002s ]
SQL: SELECT `sh_shool` FROM `db_shool_info` WHERE `sh_city` = 206  [ RunTime:0.0002s ]
SQL: SELECT `sh_shool` FROM `db_shool_info` WHERE `sh_city` = 207  [ RunTime:0.0003s ]
SQL: SELECT `sh_shool` FROM `db_shool_info` WHERE `sh_city` = 208  [ RunTime:0.0008s ]
SQL: SELECT `sh_shool` FROM `db_shool_info` WHERE `sh_city` = 209  [ RunTime:0.0002s ]
SQL: SELECT `sh_shool` FROM `db_shool_info` WHERE `sh_city` = 210  [ RunTime:0.0002s ]
SQL: SELECT `sh_shool` FROM `db_shool_info` WHERE `sh_city` = 211  [ RunTime:0.0002s ]
SQL: SELECT `sh_shool` FROM `db_shool_info` WHERE `sh_city` = 212  [ RunTime:0.0003s ]
SQL: SELECT `sh_shool` FROM `db_shool_info` WHERE `sh_city` = 213  [ RunTime:0.0005s ]
SQL: SELECT `sh_shool` FROM `db_shool_info` WHERE `sh_city` = 214  [ RunTime:0.0004s ]
SQL: SELECT `sh_shool` FROM `db_shool_info` WHERE `sh_city` = 215  [ RunTime:0.0003s ]
SQL: SELECT `sh_shool` FROM `db_shool_info` WHERE `sh_city` = 216  [ RunTime:0.0004s ]
SQL: SELECT * FROM `db_city_info` WHERE `ci_province` = 21  [ RunTime:0.0004s ]
SQL: SELECT `sh_shool` FROM `db_shool_info` WHERE `sh_city` = 217  [ RunTime:0.0004s ]
SQL: SELECT `sh_shool` FROM `db_shool_info` WHERE `sh_city` = 218  [ RunTime:0.0003s ]
SQL: SELECT `sh_shool` FROM `db_shool_info` WHERE `sh_city` = 219  [ RunTime:0.0004s ]
SQL: SELECT `sh_shool` FROM `db_shool_info` WHERE `sh_city` = 220  [ RunTime:0.0005s ]
SQL: SELECT `sh_shool` FROM `db_shool_info` WHERE `sh_city` = 221  [ RunTime:0.0003s ]
SQL: SELECT `sh_shool` FROM `db_shool_info` WHERE `sh_city` = 222  [ RunTime:0.0002s ]
SQL: SELECT `sh_shool` FROM `db_shool_info` WHERE `sh_city` = 223  [ RunTime:0.0002s ]
SQL: SELECT `sh_shool` FROM `db_shool_info` WHERE `sh_city` = 224  [ RunTime:0.0002s ]
SQL: SELECT `sh_shool` FROM `db_shool_info` WHERE `sh_city` = 225  [ RunTime:0.0002s ]
SQL: SELECT `sh_shool` FROM `db_shool_info` WHERE `sh_city` = 226  [ RunTime:0.0002s ]
SQL: SELECT * FROM `db_city_info` WHERE `ci_province` = 22  [ RunTime:0.0005s ]
SQL: SELECT `sh_shool` FROM `db_shool_info` WHERE `sh_city` = 227  [ RunTime:0.0003s ]
SQL: SELECT `sh_shool` FROM `db_shool_info` WHERE `sh_city` = 228  [ RunTime:0.0004s ]
SQL: SELECT `sh_shool` FROM `db_shool_info` WHERE `sh_city` = 229  [ RunTime:0.0002s ]
SQL: SELECT `sh_shool` FROM `db_shool_info` WHERE `sh_city` = 230  [ RunTime:0.0002s ]
SQL: SELECT `sh_shool` FROM `db_shool_info` WHERE `sh_city` = 231  [ RunTime:0.0002s ]
SQL: SELECT `sh_shool` FROM `db_shool_info` WHERE `sh_city` = 232  [ RunTime:0.0002s ]
SQL: SELECT `sh_shool` FROM `db_shool_info` WHERE `sh_city` = 233  [ RunTime:0.0002s ]
SQL: SELECT `sh_shool` FROM `db_shool_info` WHERE `sh_city` = 234  [ RunTime:0.0002s ]
SQL: SELECT `sh_shool` FROM `db_shool_info` WHERE `sh_city` = 235  [ RunTime:0.0002s ]
SQL: SELECT `sh_shool` FROM `db_shool_info` WHERE `sh_city` = 236  [ RunTime:0.0002s ]
SQL: SELECT `sh_shool` FROM `db_shool_info` WHERE `sh_city` = 237  [ RunTime:0.0002s ]
SQL: SELECT `sh_shool` FROM `db_shool_info` WHERE `sh_city` = 238  [ RunTime:0.0002s ]
SQL: SELECT `sh_shool` FROM `db_shool_info` WHERE `sh_city` = 239  [ RunTime:0.0003s ]
SQL: SELECT `sh_shool` FROM `db_shool_info` WHERE `sh_city` = 240  [ RunTime:0.0002s ]
SQL: SELECT `sh_shool` FROM `db_shool_info` WHERE `sh_city` = 241  [ RunTime:0.0002s ]
SQL: SELECT `sh_shool` FROM `db_shool_info` WHERE `sh_city` = 242  [ RunTime:0.0002s ]
SQL: SELECT `sh_shool` FROM `db_shool_info` WHERE `sh_city` = 243  [ RunTime:0.0002s ]
SQL: SELECT `sh_shool` FROM `db_shool_info` WHERE `sh_city` = 244  [ RunTime:0.0002s ]
SQL: SELECT `sh_shool` FROM `db_shool_info` WHERE `sh_city` = 245  [ RunTime:0.0002s ]
SQL: SELECT `sh_shool` FROM `db_shool_info` WHERE `sh_city` = 246  [ RunTime:0.0004s ]
SQL: SELECT `sh_shool` FROM `db_shool_info` WHERE `sh_city` = 247  [ RunTime:0.0002s ]
SQL: SELECT `sh_shool` FROM `db_shool_info` WHERE `sh_city` = 248  [ RunTime:0.0002s ]
SQL: SELECT * FROM `db_city_info` WHERE `ci_province` = 23  [ RunTime:0.0007s ]
SQL: SELECT `sh_shool` FROM `db_shool_info` WHERE `sh_city` = 249  [ RunTime:0.0004s ]
SQL: SELECT `sh_shool` FROM `db_shool_info` WHERE `sh_city` = 250  [ RunTime:0.0003s ]
SQL: SELECT `sh_shool` FROM `db_shool_info` WHERE `sh_city` = 251  [ RunTime:0.0002s ]
SQL: SELECT `sh_shool` FROM `db_shool_info` WHERE `sh_city` = 252  [ RunTime:0.0002s ]
SQL: SELECT `sh_shool` FROM `db_shool_info` WHERE `sh_city` = 253  [ RunTime:0.0002s ]
SQL: SELECT `sh_shool` FROM `db_shool_info` WHERE `sh_city` = 254  [ RunTime:0.0002s ]
SQL: SELECT `sh_shool` FROM `db_shool_info` WHERE `sh_city` = 255  [ RunTime:0.0002s ]
SQL: SELECT `sh_shool` FROM `db_shool_info` WHERE `sh_city` = 256  [ RunTime:0.0002s ]
SQL: SELECT `sh_shool` FROM `db_shool_info` WHERE `sh_city` = 257  [ RunTime:0.0002s ]
SQL: SELECT `sh_shool` FROM `db_shool_info` WHERE `sh_city` = 258  [ RunTime:0.0002s ]
SQL: SELECT `sh_shool` FROM `db_shool_info` WHERE `sh_city` = 259  [ RunTime:0.0002s ]
SQL: SELECT `sh_shool` FROM `db_shool_info` WHERE `sh_city` = 260  [ RunTime:0.0002s ]
SQL: SELECT * FROM `db_city_info` WHERE `ci_province` = 24  [ RunTime:0.0003s ]
SQL: SELECT `sh_shool` FROM `db_shool_info` WHERE `sh_city` = 261  [ RunTime:0.0003s ]
SQL: SELECT `sh_shool` FROM `db_shool_info` WHERE `sh_city` = 262  [ RunTime:0.0002s ]
SQL: SELECT `sh_shool` FROM `db_shool_info` WHERE `sh_city` = 263  [ RunTime:0.0002s ]
SQL: SELECT `sh_shool` FROM `db_shool_info` WHERE `sh_city` = 264  [ RunTime:0.0002s ]
SQL: SELECT * FROM `db_city_info` WHERE `ci_province` = 25  [ RunTime:0.0004s ]
SQL: SELECT `sh_shool` FROM `db_shool_info` WHERE `sh_city` = 265  [ RunTime:0.0002s ]
SQL: SELECT `sh_shool` FROM `db_shool_info` WHERE `sh_city` = 266  [ RunTime:0.0002s ]
SQL: SELECT `sh_shool` FROM `db_shool_info` WHERE `sh_city` = 267  [ RunTime:0.0002s ]
SQL: SELECT `sh_shool` FROM `db_shool_info` WHERE `sh_city` = 268  [ RunTime:0.0002s ]
SQL: SELECT `sh_shool` FROM `db_shool_info` WHERE `sh_city` = 269  [ RunTime:0.0002s ]
SQL: SELECT `sh_shool` FROM `db_shool_info` WHERE `sh_city` = 270  [ RunTime:0.0002s ]
SQL: SELECT `sh_shool` FROM `db_shool_info` WHERE `sh_city` = 271  [ RunTime:0.0003s ]
SQL: SELECT `sh_shool` FROM `db_shool_info` WHERE `sh_city` = 272  [ RunTime:0.0003s ]
SQL: SELECT `sh_shool` FROM `db_shool_info` WHERE `sh_city` = 273  [ RunTime:0.0003s ]
SQL: SELECT `sh_shool` FROM `db_shool_info` WHERE `sh_city` = 274  [ RunTime:0.0002s ]
SQL: SELECT `sh_shool` FROM `db_shool_info` WHERE `sh_city` = 275  [ RunTime:0.0002s ]
SQL: SELECT `sh_shool` FROM `db_shool_info` WHERE `sh_city` = 276  [ RunTime:0.0002s ]
SQL: SELECT `sh_shool` FROM `db_shool_info` WHERE `sh_city` = 277  [ RunTime:0.0002s ]
SQL: SELECT * FROM `db_city_info` WHERE `ci_province` = 26  [ RunTime:0.0003s ]
SQL: SELECT `sh_shool` FROM `db_shool_info` WHERE `sh_city` = 278  [ RunTime:0.0003s ]
SQL: SELECT * FROM `db_city_info` WHERE `ci_province` = 27  [ RunTime:0.0003s ]
SQL: SELECT `sh_shool` FROM `db_shool_info` WHERE `sh_city` = 279  [ RunTime:0.0006s ]
SQL: SELECT `sh_shool` FROM `db_shool_info` WHERE `sh_city` = 280  [ RunTime:0.0006s ]
SQL: SELECT * FROM `db_city_info` WHERE `ci_province` = 28  [ RunTime:0.0006s ]
SQL: SELECT `sh_shool` FROM `db_shool_info` WHERE `sh_city` = 281  [ RunTime:0.0002s ]
SQL: SELECT `sh_shool` FROM `db_shool_info` WHERE `sh_city` = 282  [ RunTime:0.0002s ]
SQL: SELECT `sh_shool` FROM `db_shool_info` WHERE `sh_city` = 283  [ RunTime:0.0002s ]
SQL: SELECT `sh_shool` FROM `db_shool_info` WHERE `sh_city` = 284  [ RunTime:0.0002s ]
SQL: SELECT `sh_shool` FROM `db_shool_info` WHERE `sh_city` = 285  [ RunTime:0.0002s ]
SQL: SELECT `sh_shool` FROM `db_shool_info` WHERE `sh_city` = 286  [ RunTime:0.0002s ]
SQL: SELECT `sh_shool` FROM `db_shool_info` WHERE `sh_city` = 287  [ RunTime:0.0002s ]
SQL: SELECT `sh_shool` FROM `db_shool_info` WHERE `sh_city` = 288  [ RunTime:0.0002s ]
SQL: SELECT `sh_shool` FROM `db_shool_info` WHERE `sh_city` = 289  [ RunTime:0.0002s ]
SQL: SELECT `sh_shool` FROM `db_shool_info` WHERE `sh_city` = 290  [ RunTime:0.0003s ]
SQL: SELECT `sh_shool` FROM `db_shool_info` WHERE `sh_city` = 291  [ RunTime:0.0002s ]
SQL: SELECT `sh_shool` FROM `db_shool_info` WHERE `sh_city` = 292  [ RunTime:0.0002s ]
SQL: SELECT * FROM `db_city_info` WHERE `ci_province` = 29  [ RunTime:0.0004s ]
SQL: SELECT `sh_shool` FROM `db_shool_info` WHERE `sh_city` = 293  [ RunTime:0.0002s ]
SQL: SELECT `sh_shool` FROM `db_shool_info` WHERE `sh_city` = 294  [ RunTime:0.0002s ]
SQL: SELECT `sh_shool` FROM `db_shool_info` WHERE `sh_city` = 295  [ RunTime:0.0002s ]
SQL: SELECT `sh_shool` FROM `db_shool_info` WHERE `sh_city` = 296  [ RunTime:0.0002s ]
SQL: SELECT `sh_shool` FROM `db_shool_info` WHERE `sh_city` = 297  [ RunTime:0.0002s ]
SQL: SELECT `sh_shool` FROM `db_shool_info` WHERE `sh_city` = 298  [ RunTime:0.0002s ]
SQL: SELECT `sh_shool` FROM `db_shool_info` WHERE `sh_city` = 299  [ RunTime:0.0004s ]
SQL: SELECT `sh_shool` FROM `db_shool_info` WHERE `sh_city` = 300  [ RunTime:0.0003s ]
SQL: SELECT `sh_shool` FROM `db_shool_info` WHERE `sh_city` = 301  [ RunTime:0.0004s ]
SQL: SELECT `sh_shool` FROM `db_shool_info` WHERE `sh_city` = 302  [ RunTime:0.0003s ]
SQL: SELECT `sh_shool` FROM `db_shool_info` WHERE `sh_city` = 303  [ RunTime:0.0002s ]
SQL: SELECT `sh_shool` FROM `db_shool_info` WHERE `sh_city` = 304  [ RunTime:0.0002s ]
SQL: SELECT `sh_shool` FROM `db_shool_info` WHERE `sh_city` = 305  [ RunTime:0.0002s ]
SQL: SELECT `sh_shool` FROM `db_shool_info` WHERE `sh_city` = 306  [ RunTime:0.0002s ]
SQL: SELECT `sh_shool` FROM `db_shool_info` WHERE `sh_city` = 307  [ RunTime:0.0002s ]
SQL: SELECT `sh_shool` FROM `db_shool_info` WHERE `sh_city` = 308  [ RunTime:0.0002s ]
SQL: SELECT * FROM `db_city_info` WHERE `ci_province` = 30  [ RunTime:0.0004s ]
SQL: SELECT `sh_shool` FROM `db_shool_info` WHERE `sh_city` = 309  [ RunTime:0.0005s ]
SQL: SELECT `sh_shool` FROM `db_shool_info` WHERE `sh_city` = 310  [ RunTime:0.0002s ]
SQL: SELECT `sh_shool` FROM `db_shool_info` WHERE `sh_city` = 311  [ RunTime:0.0002s ]
SQL: SELECT `sh_shool` FROM `db_shool_info` WHERE `sh_city` = 312  [ RunTime:0.0002s ]
SQL: SELECT `sh_shool` FROM `db_shool_info` WHERE `sh_city` = 313  [ RunTime:0.0002s ]
SQL: SELECT `sh_shool` FROM `db_shool_info` WHERE `sh_city` = 314  [ RunTime:0.0004s ]
SQL: SELECT `sh_shool` FROM `db_shool_info` WHERE `sh_city` = 315  [ RunTime:0.0002s ]
SQL: SELECT `sh_shool` FROM `db_shool_info` WHERE `sh_city` = 316  [ RunTime:0.0002s ]
SQL: SELECT `sh_shool` FROM `db_shool_info` WHERE `sh_city` = 317  [ RunTime:0.0005s ]
SQL: SELECT `sh_shool` FROM `db_shool_info` WHERE `sh_city` = 318  [ RunTime:0.0004s ]
SQL: SELECT `sh_shool` FROM `db_shool_info` WHERE `sh_city` = 319  [ RunTime:0.0003s ]
SQL: SELECT * FROM `db_city_info` WHERE `ci_province` = 31  [ RunTime:0.0004s ]
SQL: SELECT `sh_shool` FROM `db_shool_info` WHERE `sh_city` = 320  [ RunTime:0.0004s ]
SQL: SELECT `sh_shool` FROM `db_shool_info` WHERE `sh_city` = 321  [ RunTime:0.0002s ]
SQL: SELECT `sh_shool` FROM `db_shool_info` WHERE `sh_city` = 322  [ RunTime:0.0002s ]
SQL: SELECT `sh_shool` FROM `db_shool_info` WHERE `sh_city` = 323  [ RunTime:0.0002s ]
SQL: SELECT `sh_shool` FROM `db_shool_info` WHERE `sh_city` = 324  [ RunTime:0.0002s ]
SQL: SELECT `sh_shool` FROM `db_shool_info` WHERE `sh_city` = 325  [ RunTime:0.0002s ]
SQL: SELECT `sh_shool` FROM `db_shool_info` WHERE `sh_city` = 326  [ RunTime:0.0002s ]
SQL: SELECT `sh_shool` FROM `db_shool_info` WHERE `sh_city` = 327  [ RunTime:0.0003s ]
SQL: SELECT `sh_shool` FROM `db_shool_info` WHERE `sh_city` = 328  [ RunTime:0.0002s ]
SQL: SELECT * FROM `db_city_info` WHERE `ci_province` = 32  [ RunTime:0.0003s ]
SQL: SELECT * FROM `db_city_info` WHERE `ci_province` = 33  [ RunTime:0.0004s ]
SQL: SELECT * FROM `db_city_info` WHERE `ci_province` = 34  [ RunTime:0.0004s ]

